<?xml version="1.0" encoding="UTF-8" ?>
<testsuite tests="48" failures="0" name="utilities.TestRunner" time="4.553" errors="0" skipped="0">
  <properties>
[...]
</properties>
  <testcase classname="Scenario: Verifying Facebook logo" name="Given I am a Facebook user" time="0.003"/>
  <testcase classname="Scenario: Verifying Facebook logo" name="When I access Facebook login page" time="0.001"/>
  <testcase classname="Scenario: Verifying Facebook logo" name="Then I  see facebook logo" time="0.001"/>
  <testcase classname="Scenario: Verifying Facebook logo" name="Scenario: Verifying Facebook logo" time="0.328"/>
  <testcase classname="Scenario: Verifying Email or Phone label" name="Given I am a Facebook user" time="0"/>
  <testcase classname="Scenario: Verifying Email or Phone label" name="When I access Facebook logo page" time="0"/>
  <testcase classname="Scenario: Verifying Email or Phone label" name="Then I see Email or phone text on the above edit box" time="0"/>
  <testcase classname="Scenario: Verifying Email or Phone label" name="Scenario: Verifying Email or Phone label" time="0.325"/>
  <testcase classname="Scenario: Verify editbox" name="Given I am a Facebook user" time="0"/>
  <testcase classname="Scenario: Verify editbox" name="When I access Facebook logo page" time="0.001"/>
  <testcase classname="Scenario: Verify editbox" name="Then I see an edit box to enter email" time="0"/>
  <testcase classname="Scenario: Verify editbox" name="Scenario: Verify editbox" time="0.356"/>
  <testcase classname="Scenario: Verify Password edit box" name="Given I am a Facebook user" time="0"/>
  <testcase classname="Scenario: Verify Password edit box" name="When I access Facebook logo page" time="0"/>
  <testcase classname="Scenario: Verify Password edit box" name="Then I see the text Password on the page above edit box" time="0"/>
  <testcase classname="Scenario: Verify Password edit box" name="Scenario: Verify Password edit box" time="0.454"/>
  <testcase classname="Scenario: Verify Log-in button" name="Given I am a Facebook user" time="0"/>
  <testcase classname="Scenario: Verify Log-in button" name="When I access Facebook logo page" time="0"/>
  <testcase classname="Scenario: Verify Log-in button" name="Then I see Log In button next to email and password edit boxes" time="0"/>
  <testcase classname="Scenario: Verify Log-in button" name="Scenario: Verify Log-in button" time="0.373"/>
  <testcase classname="Scenario: Verify forgotten account" name="Given I am a Facebook user" time="0"/>
  <testcase classname="Scenario: Verify forgotten account" name="When I access Facebook logo page" time="0"/>
  <testcase classname="Scenario: Verify forgotten account" name="Then I see a link for Forgotten account" time="0"/>
  <testcase classname="Scenario: Verify forgotten account" name="Scenario: Verify forgotten account" time="0.365"/>
  <testcase classname="Scenario: Verifying Facebook logo" name="Given I am a Facebook user" time="0"/>
  <testcase classname="Scenario: Verifying Facebook logo" name="When I access Facebook login page" time="0"/>
  <testcase classname="Scenario: Verifying Facebook logo" name="Then I  see facebook logo" time="0"/>
  <testcase classname="Scenario: Verifying Facebook logo" name="Scenario: Verifying Facebook logo" time="0.395"/>
  <testcase classname="Scenario: Verifying Email or Phone label" name="Given I am a Facebook user" time="0"/>
  <testcase classname="Scenario: Verifying Email or Phone label" name="When I access Facebook logo page" time="0"/>
  <testcase classname="Scenario: Verifying Email or Phone label" name="Then I see Email or phone text on the above edit box" time="0"/>
  <testcase classname="Scenario: Verifying Email or Phone label" name="Scenario: Verifying Email or Phone label" time="0.475"/>
  <testcase classname="Scenario: Verify editbox" name="Given I am a Facebook user" time="0"/>
  <testcase classname="Scenario: Verify editbox" name="When I access Facebook logo page" time="0"/>
  <testcase classname="Scenario: Verify editbox" name="Then I see an edit box to enter email" time="0"/>
  <testcase classname="Scenario: Verify editbox" name="Scenario: Verify editbox" time="0.358"/>
  <testcase classname="Scenario: Verify Password edit box" name="Given I am a Facebook user" time="0"/>
  <testcase classname="Scenario: Verify Password edit box" name="When I access Facebook logo page" time="0"/>
  <testcase classname="Scenario: Verify Password edit box" name="Then I see the text Password on the page above edit box" time="0"/>
  <testcase classname="Scenario: Verify Password edit box" name="Scenario: Verify Password edit box" time="0.426"/>
  <testcase classname="Scenario: Verify Log-in button" name="Given I am a Facebook user" time="0"/>
  <testcase classname="Scenario: Verify Log-in button" name="When I access Facebook logo page" time="0"/>
  <testcase classname="Scenario: Verify Log-in button" name="Then I see Log In button next to email and password edit boxes" time="0"/>
  <testcase classname="Scenario: Verify Log-in button" name="Scenario: Verify Log-in button" time="0.333"/>
  <testcase classname="Scenario: Verify forgotten account" name="Given I am a Facebook user" time="0"/>
  <testcase classname="Scenario: Verify forgotten account" name="When I access Facebook logo page" time="0"/>
  <testcase classname="Scenario: Verify forgotten account" name="Then I see a link for Forgotten account" time="0"/>
  <testcase classname="Scenario: Verify forgotten account" name="Scenario: Verify forgotten account" time="0.359"/>
</testsuite>